Determining if the pthread_create exist failed with the following output:
Change Dir: /home/anton/AKnuazev/labs/lab03_shared_ptr/cmake-build-default/CMakeFiles/CMakeTmp

Run Build Command(s):/usr/bin/make cmTC_20add/fast 
/usr/bin/make -f CMakeFiles/cmTC_20add.dir/build.make CMakeFiles/cmTC_20add.dir/build
make[1]: Entering directory '/home/anton/AKnuazev/labs/lab03_shared_ptr/cmake-build-default/CMakeFiles/CMakeTmp'
Building C object CMakeFiles/cmTC_20add.dir/CheckSymbolExists.c.o
/usr/bin/cc    -o CMakeFiles/cmTC_20add.dir/CheckSymbolExists.c.o   -c /home/anton/AKnuazev/labs/lab03_shared_ptr/cmake-build-default/CMakeFiles/CMakeTmp/CheckSymbolExists.c
Linking C executable cmTC_20add
/opt/clion-2019.2.2/bin/cmake/linux/bin/cmake -E cmake_link_script CMakeFiles/cmTC_20add.dir/link.txt --verbose=1
/usr/bin/cc      CMakeFiles/cmTC_20add.dir/CheckSymbolExists.c.o  -o cmTC_20add 
/usr/bin/ld: CMakeFiles/cmTC_20add.dir/CheckSymbolExists.c.o: in function `main':
CheckSymbolExists.c:(.text+0x1b): undefined reference to `pthread_create'
collect2: error: ld returned 1 exit status
make[1]: *** [CMakeFiles/cmTC_20add.dir/build.make:87: cmTC_20add] Error 1
make[1]: Leaving directory '/home/anton/AKnuazev/labs/lab03_shared_ptr/cmake-build-default/CMakeFiles/CMakeTmp'
make: *** [Makefile:121: cmTC_20add/fast] Error 2

File /home/anton/AKnuazev/labs/lab03_shared_ptr/cmake-build-default/CMakeFiles/CMakeTmp/CheckSymbolExists.c:
/* */
#include <pthread.h>

int main(int argc, char** argv)
{
  (void)argv;
#ifndef pthread_create
  return ((int*)(&pthread_create))[argc];
#else
  (void)argc;
  return 0;
#endif
}

